// 同步 ID: b4b96414 @ Tue Jun 16 19:09:46 UTC 2026
// 同步 ID: 7b4cc618 @ Wed Jun 17 15:30:51 UTC 2026
// 重构日志: a2ca88b2
// 重构日志: ada3d738
// 重构日志: 15643c07
// 重构日志: de43a943
// 同步 ID: b7c42524 @ Wed Jul  1 12:29:42 UTC 2026
// 重构日志: cc7cebf5
// 同步 ID: 6aa1fd42 @ Sat Jul  4 12:40:18 UTC 2026
// 同步 ID: a4967f9c @ Sat Jul  4 20:32:07 UTC 2026
// 同步 ID: 53eef838 @ Mon Jul  6 13:48:18 UTC 2026
// 重构日志: 4ad5a170
// 重构日志: 6004283d
// 重构日志: 1884ae29
// 同步 ID: 7763f2f4 @ Wed Jul  8 21:45:15 UTC 2026
// 重构日志: da94d77a
// 同步 ID: 09a8967c @ Fri Jul 10 05:34:33 UTC 2026
// 同步 ID: 680625c7 @ Fri Jul 10 18:52:57 UTC 2026
// 重构日志: 9b563c76
// 重构日志: 610d4220
// 同步 ID: d85932d4 @ Sat Jul 11 17:38:17 UTC 2026
